# JRE version: OpenJDK Runtime Environment (21.0.8) (build 21.0.8+-14196175-b1038.72)
# Java VM: OpenJDK 64-Bit Server VM (21.0.8+-14196175-b1038.72, mixed mode, tiered, compressed oops, compressed class ptrs, g1 gc, windows-amd64)
GC Precious Log:
 CardTable entry size: 512
 Card Set container configuration: InlinePtr #cards 4 size 8 Array Of Cards #cards 16 size 48 Howl #buckets 8 coarsen threshold 3686 Howl Bitmap #cards 512 size 80 coarsen threshold 460 Card regions per heap region 1 cards per card region 4096
 CPUs: 8 total, 8 available
 Memory: 16262M
 Large Page Support: Disabled
 NUMA Support: Disabled
 Compressed Oops: Enabled (Zero based)
 Heap Region Size: 2M
 Heap Min Capacity: 8M
 Heap Initial Capacity: 256M
 Heap Max Capacity: 4G
 Pre-touch: Disabled
 Parallel Workers: 8
 Concurrent Workers: 2
 Concurrent Refinement Workers: 8
 Periodic GC: Disabled
Heap:
 garbage-first heap   total 450560K, used 395264K [0x0000000700000000, 0x0000000800000000)
  region size 2048K, 55 young (112640K), 7 survivors (14336K)
 Metaspace       used 86557K, committed 88256K, reserved 1179648K
  class space    used 12060K, committed 12928K, reserved 1048576K
GC Heap History (20 events):
Event: 21.797 GC heap after
{Heap after GC invocations=26 (full 0):
 garbage-first heap   total 145408K, used 79811K [0x0000000700000000, 0x0000000800000000)
  region size 2048K, 3 young (6144K), 3 survivors (6144K)
 Metaspace       used 72444K, committed 74112K, reserved 1114112K
  class space    used 10225K, committed 11072K, reserved 1048576K
}
Event: 22.503 GC heap before
{Heap before GC invocations=26 (full 0):
 garbage-first heap   total 145408K, used 124867K [0x0000000700000000, 0x0000000800000000)
  region size 2048K, 26 young (53248K), 3 survivors (6144K)
 Metaspace       used 75262K, committed 76928K, reserved 1179648K
  class space    used 10465K, committed 11328K, reserved 1048576K
}
Event: 22.510 GC heap after
{Heap after GC invocations=27 (full 0):
 garbage-first heap   total 145408K, used 81513K [0x0000000700000000, 0x0000000800000000)
  region size 2048K, 2 young (4096K), 2 survivors (4096K)
 Metaspace       used 75262K, committed 76928K, reserved 1179648K
  class space    used 10465K, committed 11328K, reserved 1048576K
}
Event: 23.203 GC heap before
{Heap before GC invocations=28 (full 0):
 garbage-first heap   total 180224K, used 175721K [0x0000000700000000, 0x0000000800000000)
  region size 2048K, 25 young (51200K), 2 survivors (4096K)
 Metaspace       used 78839K, committed 80512K, reserved 1179648K
  class space    used 10947K, committed 11776K, reserved 1048576K
}
Event: 23.213 GC heap after
{Heap after GC invocations=29 (full 0):
 garbage-first heap   total 194560K, used 142969K [0x0000000700000000, 0x0000000800000000)
  region size 2048K, 4 young (8192K), 4 survivors (8192K)
 Metaspace       used 78839K, committed 80512K, reserved 1179648K
  class space    used 10947K, committed 11776K, reserved 1048576K
}
Event: 23.713 GC heap before
{Heap before GC invocations=29 (full 0):
 garbage-first heap   total 194560K, used 183929K [0x0000000700000000, 0x0000000800000000)
  region size 2048K, 19 young (38912K), 4 survivors (8192K)
 Metaspace       used 81302K, committed 82944K, reserved 1179648K
  class space    used 11328K, committed 12160K, reserved 1048576K
}
Event: 23.721 GC heap after
{Heap after GC invocations=30 (full 0):
 garbage-first heap   total 202752K, used 160534K [0x0000000700000000, 0x0000000800000000)
  region size 2048K, 3 young (6144K), 3 survivors (6144K)
 Metaspace       used 81302K, committed 82944K, reserved 1179648K
  class space    used 11328K, committed 12160K, reserved 1048576K
}
Event: 24.162 GC heap before
{Heap before GC invocations=30 (full 0):
 garbage-first heap   total 202752K, used 181014K [0x0000000700000000, 0x0000000800000000)
  region size 2048K, 14 young (28672K), 3 survivors (6144K)
 Metaspace       used 84087K, committed 85760K, reserved 1179648K
  class space    used 11710K, committed 12608K, reserved 1048576K
}
Event: 24.167 GC heap after
{Heap after GC invocations=31 (full 0):
 garbage-first heap   total 202752K, used 162091K [0x0000000700000000, 0x0000000800000000)
  region size 2048K, 1 young (2048K), 1 survivors (2048K)
 Metaspace       used 84087K, committed 85760K, reserved 1179648K
  class space    used 11710K, committed 12608K, reserved 1048576K
}
Event: 24.521 GC heap before
{Heap before GC invocations=32 (full 0):
 garbage-first heap   total 280576K, used 270635K [0x0000000700000000, 0x0000000800000000)
  region size 2048K, 11 young (22528K), 1 survivors (2048K)
 Metaspace       used 84838K, committed 86528K, reserved 1179648K
  class space    used 11838K, committed 12736K, reserved 1048576K
}
Event: 24.528 GC heap after
{Heap after GC invocations=33 (full 0):
 garbage-first heap   total 280576K, used 202047K [0x0000000700000000, 0x0000000800000000)
  region size 2048K, 2 young (4096K), 2 survivors (4096K)
 Metaspace       used 84838K, committed 86528K, reserved 1179648K
  class space    used 11838K, committed 12736K, reserved 1048576K
}
Event: 24.565 GC heap before
{Heap before GC invocations=33 (full 0):
 garbage-first heap   total 282624K, used 279871K [0x0000000700000000, 0x0000000800000000)
  region size 2048K, 19 young (38912K), 2 survivors (4096K)
 Metaspace       used 84840K, committed 86528K, reserved 1179648K
  class space    used 11838K, committed 12736K, reserved 1048576K
}
Event: 24.579 GC heap after
{Heap after GC invocations=34 (full 0):
 garbage-first heap   total 364544K, used 233215K [0x0000000700000000, 0x0000000800000000)
  region size 2048K, 4 young (8192K), 4 survivors (8192K)
 Metaspace       used 84840K, committed 86528K, reserved 1179648K
  class space    used 11838K, committed 12736K, reserved 1048576K
}
Event: 25.565 GC heap before
{Heap before GC invocations=34 (full 0):
 garbage-first heap   total 364544K, used 343807K [0x0000000700000000, 0x0000000800000000)
  region size 2048K, 52 young (106496K), 4 survivors (8192K)
 Metaspace       used 85199K, committed 86848K, reserved 1179648K
  class space    used 11887K, committed 12736K, reserved 1048576K
}
Event: 25.582 GC heap after
{Heap after GC invocations=35 (full 0):
 garbage-first heap   total 376832K, used 261134K [0x0000000700000000, 0x0000000800000000)
  region size 2048K, 7 young (14336K), 7 survivors (14336K)
 Metaspace       used 85199K, committed 86848K, reserved 1179648K
  class space    used 11887K, committed 12736K, reserved 1048576K
}
Event: 25.632 GC heap before
{Heap before GC invocations=35 (full 0):
 garbage-first heap   total 376832K, used 267278K [0x0000000700000000, 0x0000000800000000)
  region size 2048K, 11 young (22528K), 7 survivors (14336K)
 Metaspace       used 85199K, committed 86848K, reserved 1179648K
  class space    used 11887K, committed 12736K, reserved 1048576K
}
Event: 25.642 GC heap after
{Heap after GC invocations=36 (full 0):
 garbage-first heap   total 376832K, used 263725K [0x0000000700000000, 0x0000000800000000)
  region size 2048K, 2 young (4096K), 2 survivors (4096K)
 Metaspace       used 85199K, committed 86848K, reserved 1179648K
  class space    used 11887K, committed 12736K, reserved 1048576K
}
Event: 26.372 GC heap before
{Heap before GC invocations=37 (full 0):
 garbage-first heap   total 450560K, used 339501K [0x0000000700000000, 0x0000000800000000)
  region size 2048K, 37 young (75776K), 2 survivors (4096K)
 Metaspace       used 85617K, committed 87360K, reserved 1179648K
  class space    used 11943K, committed 12800K, reserved 1048576K
}
Event: 26.398 GC heap after
{Heap after GC invocations=38 (full 0):
 garbage-first heap   total 450560K, used 286720K [0x0000000700000000, 0x0000000800000000)
  region size 2048K, 5 young (10240K), 5 survivors (10240K)
 Metaspace       used 85617K, committed 87360K, reserved 1179648K
  class space    used 11943K, committed 12800K, reserved 1048576K
}
Event: 26.984 GC heap before
{Heap before GC invocations=38 (full 0):
 garbage-first heap   total 450560K, used 393216K [0x0000000700000000, 0x0000000800000000)
  region size 2048K, 53 young (108544K), 5 survivors (10240K)
 Metaspace       used 86557K, committed 88256K, reserved 1179648K
  class space    used 12060K, committed 12928K, reserved 1048576K
}

